\BOOKMARK [0][-]{chapter*.2}{\376\377\004\022\004\062\004\065\004\064\004\065\004\075\004\070\004\065}{}% 1
\BOOKMARK [0][-]{chapter.1}{\376\377\004\020\004\075\004\060\004\073\004\070\004\102\004\070\004\107\004\065\004\101\004\072\004\060\004\117\000\040\004\107\004\060\004\101\004\102\004\114}{}% 2
\BOOKMARK [1][-]{section.1.1}{\376\377\004\041\004\102\004\060\004\075\004\064\004\060\004\100\004\102\004\075\004\113\004\071\000\040\004\060\004\073\004\063\004\076\004\100\004\070\004\102\004\074\000\040\004\074\004\060\004\102\004\100\004\070\004\107\004\075\004\076\004\063\004\076\000\040\004\103\004\074\004\075\004\076\004\066\004\065\004\075\004\070\004\117}{chapter.1}% 3
\BOOKMARK [1][-]{section.1.2}{\376\377\004\020\004\073\004\063\004\076\004\100\004\070\004\102\004\074\000\040\004\022\004\070\004\075\004\076\004\063\004\100\004\060\004\064\004\060\000\040\004\103\004\074\004\075\004\076\004\066\004\065\004\075\004\070\004\117\000\040\004\074\004\060\004\102\004\100\004\070\004\106}{chapter.1}% 4
\BOOKMARK [1][-]{section.1.3}{\376\377\004\036\004\077\004\102\004\070\004\074\004\070\004\067\004\060\004\106\004\070\004\117\000\040\004\060\004\073\004\063\004\076\004\100\004\070\004\102\004\074\004\060\000\040\004\022\004\070\004\075\004\076\004\063\004\100\004\060\004\064\004\060\000\040\004\103\004\074\004\075\004\076\004\066\004\065\004\075\004\070\004\117\000\040\004\074\004\060\004\102\004\100\004\070\004\106}{chapter.1}% 5
\BOOKMARK [1][-]{section.1.4}{\376\377\004\022\004\113\004\062\004\076\004\064}{chapter.1}% 6
\BOOKMARK [0][-]{chapter.2}{\376\377\004\032\004\076\004\075\004\101\004\102\004\100\004\103\004\072\004\102\004\076\004\100\004\101\004\072\004\060\004\117\000\040\004\107\004\060\004\101\004\102\004\114}{}% 7
\BOOKMARK [1][-]{section.2.1}{\376\377\004\040\004\060\004\067\004\100\004\060\004\061\004\076\004\102\004\072\004\060\000\040\004\060\004\073\004\063\004\076\004\100\004\070\004\102\004\074\004\076\004\062}{chapter.2}% 8
\BOOKMARK [1][-]{section.2.2}{\376\377\004\034\004\076\004\064\004\065\004\073\004\114\000\040\004\062\004\113\004\107\004\070\004\101\004\073\004\065\004\075\004\070\004\071\000\040\004\064\004\073\004\117\000\040\004\076\004\106\004\065\004\075\004\072\004\070\000\040\004\102\004\100\004\103\004\064\004\076\004\065\004\074\004\072\004\076\004\101\004\102\004\070\000\040\004\060\004\073\004\063\004\076\004\100\004\070\004\102\004\074\004\076\004\062}{chapter.2}% 9
\BOOKMARK [1][-]{section.2.3}{\376\377\004\042\004\100\004\103\004\064\004\076\004\065\004\074\004\072\004\076\004\101\004\102\004\114\000\040\004\060\004\073\004\063\004\076\004\100\004\070\004\102\004\074\004\076\004\062}{chapter.2}% 10
\BOOKMARK [2][-]{subsection.2.3.1}{\376\377\004\041\004\102\004\060\004\075\004\064\004\060\004\100\004\102\004\075\004\113\004\071\000\040\004\060\004\073\004\063\004\076\004\100\004\070\004\102\004\074\000\040\004\103\004\074\004\075\004\076\004\066\004\065\004\075\004\070\004\117\000\040\004\074\004\060\004\102\004\100\004\070\004\106}{section.2.3}% 11
\BOOKMARK [2][-]{subsection.2.3.2}{\376\377\004\020\004\073\004\063\004\076\004\100\004\070\004\102\004\074\000\040\004\103\004\074\004\075\004\076\004\066\004\065\004\075\004\070\004\117\000\040\004\074\004\060\004\102\004\100\004\070\004\106\000\040\004\077\004\076\000\040\004\022\004\070\004\075\004\076\004\063\004\100\004\060\004\064\004\103}{section.2.3}% 12
\BOOKMARK [2][-]{subsection.2.3.3}{\376\377\004\036\004\077\004\102\004\070\004\074\004\070\004\067\004\070\004\100\004\076\004\062\004\060\004\075\004\075\004\113\004\071\000\040\004\060\004\073\004\063\004\076\004\100\004\070\004\102\004\074\000\040\004\103\004\074\004\075\004\076\004\066\004\065\004\075\004\070\004\117\000\040\004\074\004\060\004\102\004\100\004\070\004\106\000\040\004\077\004\076\000\040\004\022\004\070\004\075\004\076\004\063\004\100\004\060\004\064\004\103}{section.2.3}% 13
\BOOKMARK [1][-]{section.2.4}{\376\377\004\036\004\077\004\070\004\101\004\060\004\075\004\070\004\065\000\040\004\070\004\101\004\077\004\076\004\073\004\114\004\067\004\103\004\065\004\074\004\113\004\105\000\040\004\102\004\070\004\077\004\076\004\062\000\040\004\070\000\040\004\101\004\102\004\100\004\103\004\072\004\102\004\103\004\100\000\040\004\064\004\060\004\075\004\075\004\113\004\105}{chapter.2}% 14
\BOOKMARK [1][-]{section.2.5}{\376\377\004\041\004\102\004\100\004\103\004\072\004\102\004\103\004\100\004\060\000\040\004\100\004\060\004\067\004\100\004\060\004\061\004\060\004\102\004\113\004\062\004\060\004\065\004\074\004\076\004\063\004\076\000\040\004\037\004\036}{chapter.2}% 15
\BOOKMARK [1][-]{section.2.6}{\376\377\004\032\004\073\004\060\004\101\004\101\004\113\000\040\004\115\004\072\004\062\004\070\004\062\004\060\004\073\004\065\004\075\004\102\004\075\004\076\004\101\004\102\004\070\000\040\004\077\004\100\004\070\000\040\004\102\004\065\004\101\004\102\004\070\004\100\004\076\004\062\004\060\004\075\004\070\004\070}{chapter.2}% 16
\BOOKMARK [1][-]{section.2.7}{\376\377\004\022\004\113\004\062\004\076\004\064}{chapter.2}% 17
\BOOKMARK [0][-]{chapter.3}{\376\377\004\042\004\065\004\105\004\075\004\076\004\073\004\076\004\063\004\070\004\107\004\065\004\101\004\072\004\060\004\117\000\040\004\107\004\060\004\101\004\102\004\114}{}% 18
\BOOKMARK [1][-]{section.3.1}{\376\377\004\041\004\100\004\065\004\064\004\101\004\102\004\062\004\060\000\040\004\100\004\065\004\060\004\073\004\070\004\067\004\060\004\106\004\070\004\070}{chapter.3}% 19
\BOOKMARK [1][-]{section.3.2}{\376\377\004\041\004\062\004\065\004\064\004\065\004\075\004\070\004\117\000\040\004\076\000\040\004\074\004\076\004\064\004\103\004\073\004\117\004\105\000\040\004\077\004\100\004\076\004\063\004\100\004\060\004\074\004\074\004\113}{chapter.3}% 20
\BOOKMARK [1][-]{section.3.3}{\376\377\004\033\004\070\004\101\004\102\004\070\004\075\004\063\004\070\000\040\004\072\004\076\004\064\004\060}{chapter.3}% 21
\BOOKMARK [1][-]{section.3.4}{\376\377\004\044\004\103\004\075\004\072\004\106\004\070\004\076\004\075\004\060\004\073\004\114\004\075\004\113\004\065\000\040\004\102\004\065\004\101\004\102\004\113}{chapter.3}% 22
\BOOKMARK [1][-]{section.3.5}{\376\377\004\022\004\113\004\062\004\076\004\064}{chapter.3}% 23
\BOOKMARK [0][-]{chapter.4}{\376\377\004\030\004\101\004\101\004\073\004\065\004\064\004\076\004\062\004\060\004\102\004\065\004\073\004\114\004\101\004\072\004\060\004\117\000\040\004\107\004\060\004\101\004\102\004\114}{}% 24
\BOOKMARK [1][-]{section.4.1}{\376\377\004\042\004\065\004\105\004\075\004\070\004\107\004\065\004\101\004\072\004\070\004\065\000\040\004\105\004\060\004\100\004\060\004\072\004\102\004\065\004\100\004\070\004\101\004\102\004\070\004\072\004\070}{chapter.4}% 25
\BOOKMARK [1][-]{section.4.2}{\376\377\004\024\004\065\004\074\004\076\004\075\004\101\004\102\004\100\004\060\004\106\004\070\004\117\000\040\004\100\004\060\004\061\004\076\004\102\004\113\000\040\004\077\004\100\004\076\004\063\004\100\004\060\004\074\004\074\004\113}{chapter.4}% 26
\BOOKMARK [1][-]{section.4.3}{\376\377\004\022\004\100\004\065\004\074\004\117\000\040\004\062\004\113\004\077\004\076\004\073\004\075\004\065\004\075\004\070\004\117\000\040\004\060\004\073\004\063\004\076\004\100\004\070\004\102\004\074\004\076\004\062}{chapter.4}% 27
\BOOKMARK [1][-]{section.4.4}{\376\377\004\022\004\113\004\062\004\076\004\064}{chapter.4}% 28
\BOOKMARK [0][-]{chapter*.19}{\376\377\004\027\004\060\004\072\004\073\004\116\004\107\004\065\004\075\004\070\004\065}{}% 29
\BOOKMARK [0][-]{chapter*.19}{\376\377\004\041\004\077\004\070\004\101\004\076\004\072\000\040\004\073\004\070\004\102\004\065\004\100\004\060\004\102\004\103\004\100\004\113}{}% 30
